/data/vsrivatsa/overparam_spur_corr
luigi
Tue Aug 24 12:18:38 PDT 2021
starting job...
Dataset: Breeds
Shift type: confounder
Target name: breeds
Confounder names: None
Resume: False
Minority fraction: None
Imbalance ratio: None
Fraction: 1.0
Root dir: None
Subsample to minority: False
Reweight groups: False
Augment data: False
Val fraction: 0.1
Breeds dataset type: entity13
Breeds pair: None
Breeds proportions: None
Breeds cpu: None
Reload breeds groups: None
Robust: False
Alpha: 0.2
Generalization adjustment: 0
Automatic adjustment: False
Robust step size: 0.01
Use normalized loss: False
Btl: False
Hinge: False
Model: resnet18
Train from scratch: True
Resnet width: None
N epochs: 100
Batch size: 128
Lr: 0.1
Scheduler: False
Step scheduler: True
Scheduler step: 30
Weight decay: 0.0001
Gamma: 0.1
Minimum variational weight: 0
Seed: 0
Show progress: False
Log dir: ./logs/ERM_breeds/mammal-bird-pair/ffa20516-4e35-4a08-863f-d2edbf7118202
Log every: 50
Save step: 10
Save best: True
Save last: True

==> Preparing dataset custom_imagenet..
==> Preparing dataset custom_imagenet..
Realign dataset classes to 0,1
group counts [12638 15254 14203 11746]
sizes 37689 5384 10768
Completed initializing breeds
