srun: Job step aborted: Waiting up to 32 seconds for job step to finish.
srun: Job step aborted: Waiting up to 32 seconds for job step to finish.
srun: Job step aborted: Waiting up to 32 seconds for job step to finish.
srun: Job step aborted: Waiting up to 32 seconds for job step to finish.
srun: Job step aborted: Waiting up to 32 seconds for job step to finish.
srun: got SIGCONT
srun: got SIGCONT
srun: got SIGCONT
srun: got SIGCONT
srun: got SIGCONT
slurmstepd-luigi: error: *** STEP 169686.4 ON luigi CANCELLED AT 2021-09-12T12:25:44 ***
slurmstepd-luigi: error: *** STEP 169686.3 ON luigi CANCELLED AT 2021-09-12T12:25:44 ***
slurmstepd-luigi: error: *** STEP 169686.2 ON luigi CANCELLED AT 2021-09-12T12:25:44 ***
slurmstepd-luigi: error: *** STEP 169686.1 ON luigi CANCELLED AT 2021-09-12T12:25:44 ***
slurmstepd-luigi: error: *** JOB 169686 ON luigi CANCELLED AT 2021-09-12T12:25:44 ***
srun: forcing job termination
srun: forcing job termination
srun: forcing job termination
srun: forcing job termination
srun: forcing job termination
slurmstepd-luigi: error: *** STEP 169686.0 ON luigi CANCELLED AT 2021-09-12T12:25:44 ***
