/data/vsrivatsa/overparam_spur_corr
luigi
Sun Sep 12 12:24:53 PDT 2021
starting job...
Dataset: Breeds
Shift type: confounder
Target name: breeds
Confounder names: None
Resume: False
Minority fraction: None
Imbalance ratio: None
Fraction: 1.0
Root dir: None
Subsample to minority: False
Reweight groups: False
Augment data: False
Val fraction: 0.1
Breeds dataset type: entity13
Breeds pair: None
Breeds proportions: None
Breeds cpu: None
Reload breeds groups: False
Breeds external group: None
Breeds color dots: True
Robust: False
Alpha: 0.2
Generalization adjustment: 0
Automatic adjustment: False
Robust step size: 0.01
Use normalized loss: False
Btl: False
Hinge: False
Model: resnet34
Train from scratch: True
Resnet width: None
N epochs: 300
Batch size: 128
Lr: 0.1
Scheduler: False
Step scheduler: True
Scheduler step: 120
Weight decay: 0.0001
Gamma: 0.1
Minimum variational weight: 0
Seed: 0
Show progress: False
Log dir: ./logs/ERM_breeds/mammal-bird-pair-dots/b906a6c8-6f1e-40e8-824b-18d819055d2b
Log every: 50
Save step: 10
Save best: True
Save last: True

Dataset: Breeds
Shift type: confounder
Target name: breeds
Confounder names: None
Resume: False
Minority fraction: None
Imbalance ratio: None
Fraction: 1.0
Root dir: None
Subsample to minority: False
Reweight groups: False
Augment data: False
Val fraction: 0.1
Breeds dataset type: entity13
Breeds pair: None
Dataset: Breeds
Breeds proportions: 3498,184,56,1057,467,466,133,133,2255,2255,642,642
Shift type: confounder
Breeds cpu: None
Target name: breeds
Reload breeds groups: False
Confounder names: None
Breeds external group: None
Resume: False
Breeds color dots: True
Minority fraction: None
Robust: False
Imbalance ratio: None
Alpha: 0.2
Fraction: 1.0
Generalization adjustment: 0
Root dir: None
Automatic adjustment: False
Subsample to minority: False
Robust step size: 0.01
Reweight groups: False
Augment data: False
Val fraction: 0.1
Breeds dataset type: entity13
Use normalized loss: False
Btl: False
Hinge: False
Model: resnet18
Breeds pair: None
Train from scratch: True
Breeds proportions: None
Resnet width: None
Breeds cpu: None
N epochs: 300
Reload breeds groups: False
Batch size: 128
Breeds external group: None
Lr: 0.1
Breeds color dots: True
Scheduler: False
Robust: False
Step scheduler: True
Scheduler step: 120
Weight decay: 0.0001
Alpha: 0.2
Gamma: 0.1
Generalization adjustment: 0
Minimum variational weight: 0
Automatic adjustment: False
Seed: 0
Robust step size: 0.01
Show progress: False
Use normalized loss: False
Log dir: ./logs/ERM_breeds/mammal-bird-pair-dots/b96605d6-8390-4e77-8ed8-78b468db00ca
Btl: False
Log every: 50
Hinge: False
Save step: 10
Model: resnet18
Save best: True
Train from scratch: True
Save last: True
Resnet width: None

N epochs: 300
Batch size: 128
Lr: 0.1
Scheduler: False
Step scheduler: True
Scheduler step: 120
Weight decay: 0.0001
Gamma: 0.1
Minimum variational weight: 0
Seed: 0
Show progress: False
Log dir: ./logs/ERM_breeds/mammal-bird-pair-dots/97d4f17b-f1d9-458b-8051-7d4deadc2554
Log every: 50
Save step: 10
Save best: True
Save last: True

Dataset: Breeds
Shift type: confounder
Target name: breeds
Confounder names: None
Resume: False
Minority fraction: None
Imbalance ratio: None
Fraction: 1.0
Root dir: None
Subsample to minority: False
Reweight groups: False
Augment data: False
Val fraction: 0.1
Breeds dataset type: entity13
Breeds pair: None
Breeds proportions: None
Breeds cpu: None
Reload breeds groups: False
Breeds external group: None
Breeds color dots: True
Robust: False
Alpha: 0.2
Generalization adjustment: 0
Automatic adjustment: False
Robust step size: 0.01
Use normalized loss: False
Btl: False
Hinge: False
Model: resnet18
Train from scratch: True
Resnet width: None
N epochs: 100
Batch size: 128
Lr: 0.1
Scheduler: False
Step scheduler: True
Scheduler step: 30
Weight decay: 0.0001
Gamma: 0.1
Minimum variational weight: 0
Seed: 0
Show progress: False
Log dir: ./logs/ERM_breeds/mammal-bird-pair-dots/9791ff6f-40e4-4301-b2c7-0899ad181681
Log every: 50
Save step: 10
Save best: True
Save last: True

Dataset: Breeds
Shift type: confounder
Target name: breeds
Confounder names: None
Resume: False
Minority fraction: None
Imbalance ratio: None
Fraction: 1.0
Root dir: None
Subsample to minority: False
Reweight groups: False
Augment data: False
Val fraction: 0.1
Breeds dataset type: entity13
Breeds pair: None
Breeds proportions: None
Breeds cpu: None
Reload breeds groups: False
Breeds external group: None
Breeds color dots: True
Robust: False
Alpha: 0.2
Generalization adjustment: 0
Automatic adjustment: False
Robust step size: 0.01
Use normalized loss: False
Btl: False
Hinge: False
Model: resnet34
Train from scratch: True
Resnet width: None
N epochs: 300
Batch size: 128
Lr: 0.5
Scheduler: False
Step scheduler: True
Scheduler step: 60
Weight decay: 0.0001
Gamma: 0.1
Minimum variational weight: 0
Seed: 0
Show progress: False
Log dir: ./logs/ERM_breeds/mammal-bird-pair-dots/b67086aa-c432-4c15-9815-b5e8844dbd0d
Log every: 50
Save step: 10
Save best: True
Save last: True

==> Preparing dataset custom_imagenet..
==> Preparing dataset custom_imagenet..
==> Preparing dataset custom_imagenet..
==> Preparing dataset custom_imagenet..
==> Preparing dataset custom_imagenet..
==> Preparing dataset custom_imagenet..
==> Preparing dataset custom_imagenet..
==> Preparing dataset custom_imagenet..
==> Preparing dataset custom_imagenet..
==> Preparing dataset custom_imagenet..
Realign dataset classes to 0,1
Realign dataset classes to 0,1
Realign dataset classes to 0,1
Realign dataset classes to 0,1
Realign dataset classes to 0,1
group counts [13485 13435 13356 13565]
sizes 37689 5384 10768
Completed initializing breeds
group counts [13485 13435 13356 13565]
sizes 37689 5384 10768
New Counts defaultdict(<class 'dict'>, {0: {0: 3498, 1: 184, 2: 56, 3: 1057}, 1: {0: 467, 1: 466, 2: 133, 3: 133}, 2: {0: 2255, 1: 2255, 2: 642, 3: 642}})
group counts [13485 13435 13356 13565]
group counts [13485 13435 13356 13565]
sizes 37689 5384 10768
sizes 37689 5384 10768
group counts [13485 13435 13356 13565]
sizes 37689 5384 10768
Completed initializing breeds
Completed initializing breeds
Completed initializing breeds
defaultdict(<function get_counts.<locals>.<lambda> at 0x7f95ee2fa700>, {0: defaultdict(<class 'dict'>, {0: 3498, 1: 184, 2: 56, 3: 1057}), 1: defaultdict(<class 'dict'>, {0: 467, 1: 466, 2: 133, 3: 133}), 2: defaultdict(<class 'dict'>, {0: 2255, 1: 2255, 2: 642, 3: 642}), -1: defaultdict(<class 'dict'>, {0: 7265, 1: 10530, 2: 12525, 3: 11733})})
Completed initializing breeds
