usage: run_expt.py [-h] -d {CelebA,CUB,CIFAR10,MultiNLI,Breeds} -s
                   {confounder,label_shift_step} [-t TARGET_NAME]
                   [-c CONFOUNDER_NAMES [CONFOUNDER_NAMES ...]] [--resume]
                   [--minority_fraction MINORITY_FRACTION]
                   [--imbalance_ratio IMBALANCE_RATIO] [--fraction FRACTION]
                   [--root_dir ROOT_DIR] [--subsample_to_minority]
                   [--reweight_groups] [--augment_data]
                   [--val_fraction VAL_FRACTION]
                   [--breeds_dataset_type {entity13,entity30,living17,nonliving26,custom_level2,custom_level3}]
                   [--breeds_pair BREEDS_PAIR]
                   [--breeds_proportions BREEDS_PROPORTIONS]
                   [--breeds_cpu BREEDS_CPU]
                   [--reload_breeds_groups RELOAD_BREEDS_GROUPS] [--robust]
                   [--alpha ALPHA]
                   [--generalization_adjustment GENERALIZATION_ADJUSTMENT]
                   [--automatic_adjustment]
                   [--robust_step_size ROBUST_STEP_SIZE]
                   [--use_normalized_loss] [--btl] [--hinge]
                   [--model {bert,inception_v3,wideresnet50,resnet152,resnet101,resnet50,resnet34,resnet18,raw_logistic_regression,resnet50vw,resnet18vw,resnet10vw,barlowtwins_resnet50,weaksup_resnet50,facenet,resnext101_32x8d_wsl,resnext101_32x8d}]
                   [--train_from_scratch] [--resnet_width RESNET_WIDTH]
                   [--n_epochs N_EPOCHS] [--batch_size BATCH_SIZE] [--lr LR]
                   [--scheduler] [--step_scheduler]
                   [--scheduler_step SCHEDULER_STEP]
                   [--weight_decay WEIGHT_DECAY] [--gamma GAMMA]
                   [--minimum_variational_weight MINIMUM_VARIATIONAL_WEIGHT]
                   [--seed SEED] [--show_progress] [--log_dir LOG_DIR]
                   [--log_every LOG_EVERY] [--save_step SAVE_STEP]
                   [--save_best] [--save_last]
run_expt.py: error: unrecognized arguments: reload_breeds_groups True
srun: error: luigi: task 0: Exited with exit code 2
